<?xml version="1.0" encoding="UTF-8"?>
<testsuite name="com.example.inventory.management.inventory_management.service.LiquidityPoolServiceImplTest" tests="6" skipped="0" failures="0" errors="0" timestamp="2024-11-14T14:03:01" hostname="Oyeyinka-MacBook-Pro-2335.local" time="0.9">
  <properties/>
  <testcase name="shouldRebalanceLiquidityPoolsAndHandleUnderflow()" classname="com.example.inventory.management.inventory_management.service.LiquidityPoolServiceImplTest" time="0.819"/>
  <testcase name="shouldRebalanceLiquidityPoolsAndTriggerUnderflowHandling()" classname="com.example.inventory.management.inventory_management.service.LiquidityPoolServiceImplTest" time="0.01"/>
  <testcase name="shouldUpdateFXRateSuccessfully()" classname="com.example.inventory.management.inventory_management.service.LiquidityPoolServiceImplTest" time="0.02"/>
  <testcase name="shouldRebalanceLiquidityPoolsAndHandleOverflow()" classname="com.example.inventory.management.inventory_management.service.LiquidityPoolServiceImplTest" time="0.011"/>
  <testcase name="shouldReturnErrorResponseWhenFXRateUpdateFails()" classname="com.example.inventory.management.inventory_management.service.LiquidityPoolServiceImplTest" time="0.013"/>
  <testcase name="shouldInitializeDefaultPoolsIfNotExist()" classname="com.example.inventory.management.inventory_management.service.LiquidityPoolServiceImplTest" time="0.018"/>
  <system-out><![CDATA[09:03:02.587 [Test worker] INFO com.example.inventory.management.inventory_management.service.LiquidityPoolServiceImpl -- Starting adaptive rebalancing check for liquidity pools
09:03:02.591 [Test worker] INFO com.example.inventory.management.inventory_management.service.LiquidityPoolServiceImpl -- Calculated upper threshold for EUR: 610000.0
09:03:02.593 [Test worker] INFO com.example.inventory.management.inventory_management.service.LiquidityPoolServiceImpl -- Calculated lower threshold for EUR: 405000.0
09:03:02.593 [Test worker] INFO com.example.inventory.management.inventory_management.service.LiquidityPoolServiceImpl -- Currency: EUR, Current Balance: 300000, Upper Threshold: 610000.0, Lower Threshold: 405000.0
09:03:02.596 [Test worker] INFO com.example.inventory.management.inventory_management.service.LiquidityPoolServiceImpl -- Converted 105000.0 USD to 89250.0000 EUR using FX rate 0.8500
09:03:02.597 [Test worker] INFO com.example.inventory.management.inventory_management.service.LiquidityPoolServiceImpl -- Rebalanced underflow for EUR: added 105000.0 from USD pool
09:03:02.598 [Test worker] INFO com.example.inventory.management.inventory_management.service.LiquidityPoolServiceImpl -- Logged underflow transaction: USD to EUR, original amount: 89250.0000, converted amount: 105000.0, FX rate: 0.8500
09:03:02.598 [Test worker] INFO com.example.inventory.management.inventory_management.service.LiquidityPoolServiceImpl -- Completed adaptive rebalancing check for liquidity pools
09:03:02.622 [Test worker] INFO com.example.inventory.management.inventory_management.service.LiquidityPoolServiceImpl -- Starting adaptive rebalancing check for liquidity pools
09:03:02.623 [Test worker] INFO com.example.inventory.management.inventory_management.service.LiquidityPoolServiceImpl -- Calculated upper threshold for EUR: 610000.0
09:03:02.623 [Test worker] INFO com.example.inventory.management.inventory_management.service.LiquidityPoolServiceImpl -- Calculated lower threshold for EUR: 405000.0
09:03:02.623 [Test worker] INFO com.example.inventory.management.inventory_management.service.LiquidityPoolServiceImpl -- Currency: EUR, Current Balance: 300000, Upper Threshold: 610000.0, Lower Threshold: 405000.0
09:03:02.624 [Test worker] INFO com.example.inventory.management.inventory_management.service.LiquidityPoolServiceImpl -- Converted 105000.0 USD to 120750.0000 EUR using FX rate 1.1500
09:03:02.624 [Test worker] INFO com.example.inventory.management.inventory_management.service.LiquidityPoolServiceImpl -- Rebalanced underflow for EUR: added 105000.0 from USD pool
09:03:02.624 [Test worker] INFO com.example.inventory.management.inventory_management.service.LiquidityPoolServiceImpl -- Logged underflow transaction: USD to EUR, original amount: 120750.0000, converted amount: 105000.0, FX rate: 1.1500
09:03:02.624 [Test worker] INFO com.example.inventory.management.inventory_management.service.LiquidityPoolServiceImpl -- Completed adaptive rebalancing check for liquidity pools
09:03:02.636 [Test worker] INFO com.example.inventory.management.inventory_management.service.LiquidityPoolServiceImpl -- Updating FX rate: [currencyPair=USD/EUR, rate=0.8500, timestamp=2024-11-14T09:03:02.634031]
09:03:02.637 [Test worker] INFO com.example.inventory.management.inventory_management.service.LiquidityPoolServiceImpl -- FX rate successfully updated and saved: [currencyPair=USD/EUR, rate=0.8500, timestamp=2024-11-14T09:03:02.634031]
09:03:02.655 [Test worker] INFO com.example.inventory.management.inventory_management.service.LiquidityPoolServiceImpl -- Starting adaptive rebalancing check for liquidity pools
09:03:02.656 [Test worker] INFO com.example.inventory.management.inventory_management.service.LiquidityPoolServiceImpl -- Calculated upper threshold for USD: 1210000.0
09:03:02.656 [Test worker] INFO com.example.inventory.management.inventory_management.service.LiquidityPoolServiceImpl -- Calculated lower threshold for USD: 805000.0
09:03:02.656 [Test worker] INFO com.example.inventory.management.inventory_management.service.LiquidityPoolServiceImpl -- Currency: USD, Current Balance: 1300000, Upper Threshold: 1210000.0, Lower Threshold: 805000.0
09:03:02.657 [Test worker] INFO com.example.inventory.management.inventory_management.service.LiquidityPoolServiceImpl -- Converted 90000.0 USD to 76500.0000 EUR using FX rate 0.8500
09:03:02.657 [Test worker] INFO com.example.inventory.management.inventory_management.service.LiquidityPoolServiceImpl -- Rebalanced overflow for USD: removed 90000.0 and credited 76500.0000 to EUR
09:03:02.658 [Test worker] INFO com.example.inventory.management.inventory_management.service.LiquidityPoolServiceImpl -- Logged overflow transaction: USD to EUR, original amount: 90000.0, converted amount: 76500.0000, FX rate: 0.8500
09:03:02.658 [Test worker] INFO com.example.inventory.management.inventory_management.service.LiquidityPoolServiceImpl -- Completed adaptive rebalancing check for liquidity pools
09:03:02.667 [Test worker] ERROR com.example.inventory.management.inventory_management.service.LiquidityPoolServiceImpl -- Failed to update FX rate for [currencyPair=USD/EUR, rate=0.85, timestamp=invalid-date]: Text 'invalid-date' could not be parsed at index 0
java.time.format.DateTimeParseException: Text 'invalid-date' could not be parsed at index 0
	at java.base/java.time.format.DateTimeFormatter.parseResolved0(DateTimeFormatter.java:2052)
	at java.base/java.time.format.DateTimeFormatter.parse(DateTimeFormatter.java:1954)
	at java.base/java.time.LocalDateTime.parse(LocalDateTime.java:494)
	at com.example.inventory.management.inventory_management.service.LiquidityPoolServiceImpl.updateFXRate(LiquidityPoolServiceImpl.java:73)
	at com.example.inventory.management.inventory_management.service.LiquidityPoolServiceImplTest.shouldReturnErrorResponseWhenFXRateUpdateFails(LiquidityPoolServiceImplTest.java:121)
	at java.base/jdk.internal.reflect.NativeMethodAccessorImpl.invoke0(Native Method)
	at java.base/jdk.internal.reflect.NativeMethodAccessorImpl.invoke(NativeMethodAccessorImpl.java:77)
	at java.base/jdk.internal.reflect.DelegatingMethodAccessorImpl.invoke(DelegatingMethodAccessorImpl.java:43)
	at java.base/java.lang.reflect.Method.invoke(Method.java:568)
	at org.junit.platform.commons.util.ReflectionUtils.invokeMethod(ReflectionUtils.java:728)
	at org.junit.jupiter.engine.execution.MethodInvocation.proceed(MethodInvocation.java:60)
	at org.junit.jupiter.engine.execution.InvocationInterceptorChain$ValidatingInvocation.proceed(InvocationInterceptorChain.java:131)
	at org.junit.jupiter.engine.extension.TimeoutExtension.intercept(TimeoutExtension.java:156)
	at org.junit.jupiter.engine.extension.TimeoutExtension.interceptTestableMethod(TimeoutExtension.java:147)
	at org.junit.jupiter.engine.extension.TimeoutExtension.interceptTestMethod(TimeoutExtension.java:86)
	at org.junit.jupiter.engine.execution.InterceptingExecutableInvoker$ReflectiveInterceptorCall.lambda$ofVoidMethod$0(InterceptingExecutableInvoker.java:103)
	at org.junit.jupiter.engine.execution.InterceptingExecutableInvoker.lambda$invoke$0(InterceptingExecutableInvoker.java:93)
	at org.junit.jupiter.engine.execution.InvocationInterceptorChain$InterceptedInvocation.proceed(InvocationInterceptorChain.java:106)
	at org.junit.jupiter.engine.execution.InvocationInterceptorChain.proceed(InvocationInterceptorChain.java:64)
	at org.junit.jupiter.engine.execution.InvocationInterceptorChain.chainAndInvoke(InvocationInterceptorChain.java:45)
	at org.junit.jupiter.engine.execution.InvocationInterceptorChain.invoke(InvocationInterceptorChain.java:37)
	at org.junit.jupiter.engine.execution.InterceptingExecutableInvoker.invoke(InterceptingExecutableInvoker.java:92)
	at org.junit.jupiter.engine.execution.InterceptingExecutableInvoker.invoke(InterceptingExecutableInvoker.java:86)
	at org.junit.jupiter.engine.descriptor.TestMethodTestDescriptor.lambda$invokeTestMethod$7(TestMethodTestDescriptor.java:218)
	at org.junit.platform.engine.support.hierarchical.ThrowableCollector.execute(ThrowableCollector.java:73)
	at org.junit.jupiter.engine.descriptor.TestMethodTestDescriptor.invokeTestMethod(TestMethodTestDescriptor.java:214)
	at org.junit.jupiter.engine.descriptor.TestMethodTestDescriptor.execute(TestMethodTestDescriptor.java:139)
	at org.junit.jupiter.engine.descriptor.TestMethodTestDescriptor.execute(TestMethodTestDescriptor.java:69)
	at org.junit.platform.engine.support.hierarchical.NodeTestTask.lambda$executeRecursively$6(NodeTestTask.java:156)
	at org.junit.platform.engine.support.hierarchical.ThrowableCollector.execute(ThrowableCollector.java:73)
	at org.junit.platform.engine.support.hierarchical.NodeTestTask.lambda$executeRecursively$8(NodeTestTask.java:146)
	at org.junit.platform.engine.support.hierarchical.Node.around(Node.java:137)
	at org.junit.platform.engine.support.hierarchical.NodeTestTask.lambda$executeRecursively$9(NodeTestTask.java:144)
	at org.junit.platform.engine.support.hierarchical.ThrowableCollector.execute(ThrowableCollector.java:73)
	at org.junit.platform.engine.support.hierarchical.NodeTestTask.executeRecursively(NodeTestTask.java:143)
	at org.junit.platform.engine.support.hierarchical.NodeTestTask.execute(NodeTestTask.java:100)
	at java.base/java.util.ArrayList.forEach(ArrayList.java:1511)
	at org.junit.platform.engine.support.hierarchical.SameThreadHierarchicalTestExecutorService.invokeAll(SameThreadHierarchicalTestExecutorService.java:41)
	at org.junit.platform.engine.support.hierarchical.NodeTestTask.lambda$executeRecursively$6(NodeTestTask.java:160)
	at org.junit.platform.engine.support.hierarchical.ThrowableCollector.execute(ThrowableCollector.java:73)
	at org.junit.platform.engine.support.hierarchical.NodeTestTask.lambda$executeRecursively$8(NodeTestTask.java:146)
	at org.junit.platform.engine.support.hierarchical.Node.around(Node.java:137)
	at org.junit.platform.engine.support.hierarchical.NodeTestTask.lambda$executeRecursively$9(NodeTestTask.java:144)
	at org.junit.platform.engine.support.hierarchical.ThrowableCollector.execute(ThrowableCollector.java:73)
	at org.junit.platform.engine.support.hierarchical.NodeTestTask.executeRecursively(NodeTestTask.java:143)
	at org.junit.platform.engine.support.hierarchical.NodeTestTask.execute(NodeTestTask.java:100)
	at java.base/java.util.ArrayList.forEach(ArrayList.java:1511)
	at org.junit.platform.engine.support.hierarchical.SameThreadHierarchicalTestExecutorService.invokeAll(SameThreadHierarchicalTestExecutorService.java:41)
	at org.junit.platform.engine.support.hierarchical.NodeTestTask.lambda$executeRecursively$6(NodeTestTask.java:160)
	at org.junit.platform.engine.support.hierarchical.ThrowableCollector.execute(ThrowableCollector.java:73)
	at org.junit.platform.engine.support.hierarchical.NodeTestTask.lambda$executeRecursively$8(NodeTestTask.java:146)
	at org.junit.platform.engine.support.hierarchical.Node.around(Node.java:137)
	at org.junit.platform.engine.support.hierarchical.NodeTestTask.lambda$executeRecursively$9(NodeTestTask.java:144)
	at org.junit.platform.engine.support.hierarchical.ThrowableCollector.execute(ThrowableCollector.java:73)
	at org.junit.platform.engine.support.hierarchical.NodeTestTask.executeRecursively(NodeTestTask.java:143)
	at org.junit.platform.engine.support.hierarchical.NodeTestTask.execute(NodeTestTask.java:100)
	at org.junit.platform.engine.support.hierarchical.SameThreadHierarchicalTestExecutorService.submit(SameThreadHierarchicalTestExecutorService.java:35)
	at org.junit.platform.engine.support.hierarchical.HierarchicalTestExecutor.execute(HierarchicalTestExecutor.java:57)
	at org.junit.platform.engine.support.hierarchical.HierarchicalTestEngine.execute(HierarchicalTestEngine.java:54)
	at org.junit.platform.launcher.core.EngineExecutionOrchestrator.execute(EngineExecutionOrchestrator.java:198)
	at org.junit.platform.launcher.core.EngineExecutionOrchestrator.execute(EngineExecutionOrchestrator.java:169)
	at org.junit.platform.launcher.core.EngineExecutionOrchestrator.execute(EngineExecutionOrchestrator.java:93)
	at org.junit.platform.launcher.core.EngineExecutionOrchestrator.lambda$execute$0(EngineExecutionOrchestrator.java:58)
	at org.junit.platform.launcher.core.EngineExecutionOrchestrator.withInterceptedStreams(EngineExecutionOrchestrator.java:141)
	at org.junit.platform.launcher.core.EngineExecutionOrchestrator.execute(EngineExecutionOrchestrator.java:57)
	at org.junit.platform.launcher.core.DefaultLauncher.execute(DefaultLauncher.java:103)
	at org.junit.platform.launcher.core.DefaultLauncher.execute(DefaultLauncher.java:85)
	at org.junit.platform.launcher.core.DelegatingLauncher.execute(DelegatingLauncher.java:47)
	at org.gradle.api.internal.tasks.testing.junitplatform.JUnitPlatformTestClassProcessor$CollectAllTestClassesExecutor.processAllTestClasses(JUnitPlatformTestClassProcessor.java:124)
	at org.gradle.api.internal.tasks.testing.junitplatform.JUnitPlatformTestClassProcessor$CollectAllTestClassesExecutor.access$000(JUnitPlatformTestClassProcessor.java:99)
	at org.gradle.api.internal.tasks.testing.junitplatform.JUnitPlatformTestClassProcessor.stop(JUnitPlatformTestClassProcessor.java:94)
	at org.gradle.api.internal.tasks.testing.SuiteTestClassProcessor.stop(SuiteTestClassProcessor.java:63)
	at java.base/jdk.internal.reflect.NativeMethodAccessorImpl.invoke0(Native Method)
	at java.base/jdk.internal.reflect.NativeMethodAccessorImpl.invoke(NativeMethodAccessorImpl.java:77)
	at java.base/jdk.internal.reflect.DelegatingMethodAccessorImpl.invoke(DelegatingMethodAccessorImpl.java:43)
	at java.base/java.lang.reflect.Method.invoke(Method.java:568)
	at org.gradle.internal.dispatch.ReflectionDispatch.dispatch(ReflectionDispatch.java:36)
	at org.gradle.internal.dispatch.ReflectionDispatch.dispatch(ReflectionDispatch.java:24)
	at org.gradle.internal.dispatch.ContextClassLoaderDispatch.dispatch(ContextClassLoaderDispatch.java:33)
	at org.gradle.internal.dispatch.ProxyDispatchAdapter$DispatchingInvocationHandler.invoke(ProxyDispatchAdapter.java:92)
	at jdk.proxy1/jdk.proxy1.$Proxy4.stop(Unknown Source)
	at org.gradle.api.internal.tasks.testing.worker.TestWorker$3.run(TestWorker.java:200)
	at org.gradle.api.internal.tasks.testing.worker.TestWorker.executeAndMaintainThreadName(TestWorker.java:132)
	at org.gradle.api.internal.tasks.testing.worker.TestWorker.execute(TestWorker.java:103)
	at org.gradle.api.internal.tasks.testing.worker.TestWorker.execute(TestWorker.java:63)
	at org.gradle.process.internal.worker.child.ActionExecutionWorker.execute(ActionExecutionWorker.java:56)
	at org.gradle.process.internal.worker.child.SystemApplicationClassLoaderWorker.call(SystemApplicationClassLoaderWorker.java:121)
	at org.gradle.process.internal.worker.child.SystemApplicationClassLoaderWorker.call(SystemApplicationClassLoaderWorker.java:71)
	at worker.org.gradle.process.internal.worker.GradleWorkerMain.run(GradleWorkerMain.java:69)
	at worker.org.gradle.process.internal.worker.GradleWorkerMain.main(GradleWorkerMain.java:74)
09:03:02.685 [Test worker] INFO com.example.inventory.management.inventory_management.service.LiquidityPoolServiceImpl -- Initialized liquidity pool for AUD with balance: 1349528
09:03:02.686 [Test worker] INFO com.example.inventory.management.inventory_management.service.LiquidityPoolServiceImpl -- Initialized liquidity pool for GBP with balance: 750000
09:03:02.687 [Test worker] INFO com.example.inventory.management.inventory_management.service.LiquidityPoolServiceImpl -- Initialized liquidity pool for EUR with balance: 921658
09:03:02.688 [Test worker] INFO com.example.inventory.management.inventory_management.service.LiquidityPoolServiceImpl -- Initialized liquidity pool for USD with balance: 1000000
09:03:02.689 [Test worker] INFO com.example.inventory.management.inventory_management.service.LiquidityPoolServiceImpl -- Initialized liquidity pool for JPY with balance: 109890110
]]></system-out>
  <system-err><![CDATA[]]></system-err>
</testsuite>
